<?xml version="1.0" encoding="UTF-8"?>
<!-- Generated by org.testng.reporters.JUnitXMLReporter -->
<testsuite hostname="AZHAR" ignored="9" name="Test" tests="1" failures="1" timestamp="2021-02-15T19:53:47 IST" time="40.703" errors="0">
  <testcase name="loginToApplicationAnndNavigateCPQDashboardPage" time="36.41" classname="franceCommerceProcess.FRA_BipartiteQuote">
    <failure type="org.openqa.selenium.NoSuchElementException" message="no such element: Unable to locate element: {&amp;quot;method&amp;quot;:&amp;quot;css selector&amp;quot;,&amp;quot;selector&amp;quot;:&amp;quot;#username1&amp;quot;}
  (Session info: chrome=88.0.4324.150)
For documentation on this error, please visit: http://seleniumhq.org/exceptions/no_such_element.html
Build info: version: &amp;apos;3.141.5&amp;apos;, revision: &amp;apos;d54ebd709a&amp;apos;, time: &amp;apos;2018-11-06T11:42:16&amp;apos;
System info: host: &amp;apos;AZHAR&amp;apos;, ip: &amp;apos;192.168.56.1&amp;apos;, os.name: &amp;apos;Windows 10&amp;apos;, os.arch: &amp;apos;amd64&amp;apos;, os.version: &amp;apos;10.0&amp;apos;, java.version: &amp;apos;1.8.0_261&amp;apos;
Driver info: org.openqa.selenium.chrome.ChromeDriver
Capabilities {acceptInsecureCerts: false, browserName: chrome, browserVersion: 88.0.4324.150, chrome: {chromedriverVersion: 88.0.4324.96 (68dba2d8a0b14..., userDataDir: C:\Users\azhar\AppData\Loca...}, goog:chromeOptions: {debuggerAddress: localhost:51148}, javascriptEnabled: true, networkConnectionEnabled: false, pageLoadStrategy: normal, platform: WINDOWS, platformName: WINDOWS, proxy: Proxy(), setWindowRect: true, strictFileInteractability: false, timeouts: {implicit: 0, pageLoad: 300000, script: 30000}, unhandledPromptBehavior: dismiss and notify, webauthn:extension:largeBlob: true, webauthn:virtualAuthenticators: true}
Session ID: e867f1d75eb96b747a854c4e7f4ea6a5
*** Element info: {Using=id, value=username1}">
      <![CDATA[org.openqa.selenium.NoSuchElementException: no such element: Unable to locate element: {"method":"css selector","selector":"#username1"}
  (Session info: chrome=88.0.4324.150)
For documentation on this error, please visit: http://seleniumhq.org/exceptions/no_such_element.html
Build info: version: '3.141.5', revision: 'd54ebd709a', time: '2018-11-06T11:42:16'
System info: host: 'AZHAR', ip: '192.168.56.1', os.name: 'Windows 10', os.arch: 'amd64', os.version: '10.0', java.version: '1.8.0_261'
Driver info: org.openqa.selenium.chrome.ChromeDriver
Capabilities {acceptInsecureCerts: false, browserName: chrome, browserVersion: 88.0.4324.150, chrome: {chromedriverVersion: 88.0.4324.96 (68dba2d8a0b14..., userDataDir: C:\Users\azhar\AppData\Loca...}, goog:chromeOptions: {debuggerAddress: localhost:51148}, javascriptEnabled: true, networkConnectionEnabled: false, pageLoadStrategy: normal, platform: WINDOWS, platformName: WINDOWS, proxy: Proxy(), setWindowRect: true, strictFileInteractability: false, timeouts: {implicit: 0, pageLoad: 300000, script: 30000}, unhandledPromptBehavior: dismiss and notify, webauthn:extension:largeBlob: true, webauthn:virtualAuthenticators: true}
Session ID: e867f1d75eb96b747a854c4e7f4ea6a5
*** Element info: {Using=id, value=username1}
at org.openqa.selenium.remote.http.W3CHttpResponseCodec.createException(W3CHttpResponseCodec.java:187)
at org.openqa.selenium.remote.http.W3CHttpResponseCodec.decode(W3CHttpResponseCodec.java:122)
at org.openqa.selenium.remote.http.W3CHttpResponseCodec.decode(W3CHttpResponseCodec.java:49)
at org.openqa.selenium.remote.HttpCommandExecutor.execute(HttpCommandExecutor.java:158)
at org.openqa.selenium.remote.service.DriverCommandExecutor.execute(DriverCommandExecutor.java:83)
at org.openqa.selenium.remote.RemoteWebDriver.execute(RemoteWebDriver.java:552)
at org.openqa.selenium.remote.RemoteWebDriver.findElement(RemoteWebDriver.java:323)
at org.openqa.selenium.remote.RemoteWebDriver.findElementById(RemoteWebDriver.java:372)
at org.openqa.selenium.By$ById.findElement(By.java:188)
at org.openqa.selenium.remote.RemoteWebDriver.findElement(RemoteWebDriver.java:315)
at org.openqa.selenium.support.pagefactory.DefaultElementLocator.findElement(DefaultElementLocator.java:69)
at org.openqa.selenium.support.pagefactory.internal.LocatingElementHandler.invoke(LocatingElementHandler.java:38)
at com.sun.proxy.$Proxy11.clear(Unknown Source)
at actions.UiAction.typeText(UiAction.java:59)
at cpqPages.CPQLoginPage.enterCPQUsername(CPQLoginPage.java:34)
at franceCommerceProcess.FRA_BipartiteQuote.loginToApplicationAnndNavigateCPQDashboardPage(FRA_BipartiteQuote.java:24)
at java.util.concurrent.ThreadPoolExecutor.runWorker(ThreadPoolExecutor.java:1149)
at java.util.concurrent.ThreadPoolExecutor$Worker.run(ThreadPoolExecutor.java:624)
at java.lang.Thread.run(Thread.java:748)
... Removed 16 stack frames]]>
    </failure>
  </testcase> <!-- loginToApplicationAnndNavigateCPQDashboardPage -->
  <testcase name="saveAndPrice" time="0.0" classname="franceCommerceProcess.FRA_BipartiteQuote">
    <ignored/>
  </testcase> <!-- saveAndPrice -->
  <testcase name="addAttachments" time="0.0" classname="franceCommerceProcess.FRA_BipartiteQuote">
    <ignored/>
  </testcase> <!-- addAttachments -->
  <testcase name="verifyAddedContact" time="0.0" classname="franceCommerceProcess.FRA_BipartiteQuote">
    <ignored/>
  </testcase> <!-- verifyAddedContact -->
  <testcase name="enterOpportunityAndQuoteInfo" time="0.0" classname="franceCommerceProcess.FRA_BipartiteQuote">
    <ignored/>
  </testcase> <!-- enterOpportunityAndQuoteInfo -->
  <testcase name="addNotes" time="0.0" classname="franceCommerceProcess.FRA_BipartiteQuote">
    <ignored/>
  </testcase> <!-- addNotes -->
  <testcase name="addProductsfromTextFile" time="0.0" classname="franceCommerceProcess.FRA_BipartiteQuote">
    <ignored/>
  </testcase> <!-- addProductsfromTextFile -->
  <testcase name="selectConatactFromRefreshContacts" time="0.0" classname="franceCommerceProcess.FRA_BipartiteQuote">
    <ignored/>
  </testcase> <!-- selectConatactFromRefreshContacts -->
  <testcase name="uplaodProductsFromCSV" time="0.0" classname="franceCommerceProcess.FRA_BipartiteQuote">
    <ignored/>
  </testcase> <!-- uplaodProductsFromCSV -->
  <testcase name="selectSoldToAccount" time="0.0" classname="franceCommerceProcess.FRA_BipartiteQuote">
    <ignored/>
  </testcase> <!-- selectSoldToAccount -->
</testsuite> <!-- Test -->
