<?xml version="1.0" encoding="UTF-8"?>
<!-- Generated by org.testng.reporters.JUnitReportReporter -->
<testsuite skipped="9" hostname="AZHAR" name="franceCommerceProcess.FRA_BipartiteQuote" tests="10" failures="0" timestamp="2021-02-15T19:53:47 IST" time="36.410" errors="1">
  <testcase name="loginToApplicationAnndNavigateCPQDashboardPage" time="36.410" classname="franceCommerceProcess.FRA_BipartiteQuote">
    <error type="org.openqa.selenium.NoSuchElementException" message="no such element: Unable to locate element: {&quot;method&quot;:&quot;css selector&quot;,&quot;selector&quot;:&quot;#username1&quot;}
  (Session info: chrome=88.0.4324.150)
For documentation on this error, please visit: http://seleniumhq.org/exceptions/no_such_element.html
Build info: version: &#039;3.141.5&#039;, revision: &#039;d54ebd709a&#039;, time: &#039;2018-11-06T11:42:16&#039;
System info: host: &#039;AZHAR&#039;, ip: &#039;192.168.56.1&#039;, os.name: &#039;Windows 10&#039;, os.arch: &#039;amd64&#039;, os.version: &#039;10.0&#039;, java.version: &#039;1.8.0_261&#039;
Driver info: org.openqa.selenium.chrome.ChromeDriver
Capabilities {acceptInsecureCerts: false, browserName: chrome, browserVersion: 88.0.4324.150, chrome: {chromedriverVersion: 88.0.4324.96 (68dba2d8a0b14..., userDataDir: C:\Users\azhar\AppData\Loca...}, goog:chromeOptions: {debuggerAddress: localhost:51148}, javascriptEnabled: true, networkConnectionEnabled: false, pageLoadStrategy: normal, platform: WINDOWS, platformName: WINDOWS, proxy: Proxy(), setWindowRect: true, strictFileInteractability: false, timeouts: {implicit: 0, pageLoad: 300000, script: 30000}, unhandledPromptBehavior: dismiss and notify, webauthn:extension:largeBlob: true, webauthn:virtualAuthenticators: true}
Session ID: e867f1d75eb96b747a854c4e7f4ea6a5
*** Element info: {Using=id, value=username1}">
      <![CDATA[org.openqa.selenium.NoSuchElementException: no such element: Unable to locate element: {"method":"css selector","selector":"#username1"}
  (Session info: chrome=88.0.4324.150)
For documentation on this error, please visit: http://seleniumhq.org/exceptions/no_such_element.html
Build info: version: '3.141.5', revision: 'd54ebd709a', time: '2018-11-06T11:42:16'
System info: host: 'AZHAR', ip: '192.168.56.1', os.name: 'Windows 10', os.arch: 'amd64', os.version: '10.0', java.version: '1.8.0_261'
Driver info: org.openqa.selenium.chrome.ChromeDriver
Capabilities {acceptInsecureCerts: false, browserName: chrome, browserVersion: 88.0.4324.150, chrome: {chromedriverVersion: 88.0.4324.96 (68dba2d8a0b14..., userDataDir: C:\Users\azhar\AppData\Loca...}, goog:chromeOptions: {debuggerAddress: localhost:51148}, javascriptEnabled: true, networkConnectionEnabled: false, pageLoadStrategy: normal, platform: WINDOWS, platformName: WINDOWS, proxy: Proxy(), setWindowRect: true, strictFileInteractability: false, timeouts: {implicit: 0, pageLoad: 300000, script: 30000}, unhandledPromptBehavior: dismiss and notify, webauthn:extension:largeBlob: true, webauthn:virtualAuthenticators: true}
Session ID: e867f1d75eb96b747a854c4e7f4ea6a5
*** Element info: {Using=id, value=username1}
at sun.reflect.NativeConstructorAccessorImpl.newInstance0(Native Method)
at sun.reflect.NativeConstructorAccessorImpl.newInstance(NativeConstructorAccessorImpl.java:62)
at sun.reflect.DelegatingConstructorAccessorImpl.newInstance(DelegatingConstructorAccessorImpl.java:45)
at java.lang.reflect.Constructor.newInstance(Constructor.java:423)
at org.openqa.selenium.remote.http.W3CHttpResponseCodec.createException(W3CHttpResponseCodec.java:187)
at org.openqa.selenium.remote.http.W3CHttpResponseCodec.decode(W3CHttpResponseCodec.java:122)
at org.openqa.selenium.remote.http.W3CHttpResponseCodec.decode(W3CHttpResponseCodec.java:49)
at org.openqa.selenium.remote.HttpCommandExecutor.execute(HttpCommandExecutor.java:158)
at org.openqa.selenium.remote.service.DriverCommandExecutor.execute(DriverCommandExecutor.java:83)
at org.openqa.selenium.remote.RemoteWebDriver.execute(RemoteWebDriver.java:552)
at org.openqa.selenium.remote.RemoteWebDriver.findElement(RemoteWebDriver.java:323)
at org.openqa.selenium.remote.RemoteWebDriver.findElementById(RemoteWebDriver.java:372)
at org.openqa.selenium.By$ById.findElement(By.java:188)
at org.openqa.selenium.remote.RemoteWebDriver.findElement(RemoteWebDriver.java:315)
at org.openqa.selenium.support.pagefactory.DefaultElementLocator.findElement(DefaultElementLocator.java:69)
at org.openqa.selenium.support.pagefactory.internal.LocatingElementHandler.invoke(LocatingElementHandler.java:38)
at com.sun.proxy.$Proxy11.clear(Unknown Source)
at actions.UiAction.typeText(UiAction.java:59)
at cpqPages.CPQLoginPage.enterCPQUsername(CPQLoginPage.java:34)
at franceCommerceProcess.FRA_BipartiteQuote.loginToApplicationAnndNavigateCPQDashboardPage(FRA_BipartiteQuote.java:24)
at sun.reflect.NativeMethodAccessorImpl.invoke0(Native Method)
at sun.reflect.NativeMethodAccessorImpl.invoke(NativeMethodAccessorImpl.java:62)
at sun.reflect.DelegatingMethodAccessorImpl.invoke(DelegatingMethodAccessorImpl.java:43)
at java.lang.reflect.Method.invoke(Method.java:498)
at org.testng.internal.MethodInvocationHelper.invokeMethod(MethodInvocationHelper.java:132)
at org.testng.internal.TestInvoker.invokeMethod(TestInvoker.java:599)
at org.testng.internal.TestInvoker.invokeTestMethod(TestInvoker.java:174)
at org.testng.internal.MethodRunner.runInSequence(MethodRunner.java:46)
at org.testng.internal.TestInvoker$MethodInvocationAgent.invoke(TestInvoker.java:822)
at org.testng.internal.TestInvoker.invokeTestMethods(TestInvoker.java:147)
at org.testng.internal.TestMethodWorker.invokeTestMethods(TestMethodWorker.java:146)
at org.testng.internal.TestMethodWorker.run(TestMethodWorker.java:128)
at java.util.concurrent.ThreadPoolExecutor.runWorker(ThreadPoolExecutor.java:1149)
at java.util.concurrent.ThreadPoolExecutor$Worker.run(ThreadPoolExecutor.java:624)
at java.lang.Thread.run(Thread.java:748)
]]>
    </error>
  </testcase> <!-- loginToApplicationAnndNavigateCPQDashboardPage -->
  <system-out/>
  <testcase name="saveAndPrice" classname="franceCommerceProcess.FRA_BipartiteQuote">
    <skipped/>
  </testcase> <!-- saveAndPrice -->
  <system-out/>
  <testcase name="addAttachments" classname="franceCommerceProcess.FRA_BipartiteQuote">
    <skipped/>
  </testcase> <!-- addAttachments -->
  <system-out/>
  <testcase name="verifyAddedContact" classname="franceCommerceProcess.FRA_BipartiteQuote">
    <skipped/>
  </testcase> <!-- verifyAddedContact -->
  <system-out/>
  <testcase name="enterOpportunityAndQuoteInfo" classname="franceCommerceProcess.FRA_BipartiteQuote">
    <skipped/>
  </testcase> <!-- enterOpportunityAndQuoteInfo -->
  <system-out/>
  <testcase name="addNotes" classname="franceCommerceProcess.FRA_BipartiteQuote">
    <skipped/>
  </testcase> <!-- addNotes -->
  <system-out/>
  <testcase name="addProductsfromTextFile" classname="franceCommerceProcess.FRA_BipartiteQuote">
    <skipped/>
  </testcase> <!-- addProductsfromTextFile -->
  <system-out/>
  <testcase name="selectConatactFromRefreshContacts" classname="franceCommerceProcess.FRA_BipartiteQuote">
    <skipped/>
  </testcase> <!-- selectConatactFromRefreshContacts -->
  <system-out/>
  <testcase name="uplaodProductsFromCSV" classname="franceCommerceProcess.FRA_BipartiteQuote">
    <skipped/>
  </testcase> <!-- uplaodProductsFromCSV -->
  <system-out/>
  <testcase name="selectSoldToAccount" classname="franceCommerceProcess.FRA_BipartiteQuote">
    <skipped/>
  </testcase> <!-- selectSoldToAccount -->
  <system-out/>
</testsuite> <!-- franceCommerceProcess.FRA_BipartiteQuote -->
